<?xml version="1.0" encoding="utf-8"?><testsuites name="pytest tests"><testsuite name="pytest" errors="0" failures="0" skipped="0" tests="59" time="13.299" timestamp="2026-09-13T19:05:45.033046-10:00" hostname="fa1e3583-c73"><testcase classname="tests.test_pipeline" name="test_health" time="0.061" /><testcase classname="tests.test_pipeline" name="test_simulated_pipeline" time="0.246" /><testcase classname="tests.test_pipeline" name="test_spend_gate" time="0.050" /><testcase classname="tests.test_runtime_safety" name="test_default_is_blocked_production_with_zero_budget" time="0.001" /><testcase classname="tests.test_runtime_safety" name="test_production_never_unlocks[blocked]" time="0.001" /><testcase classname="tests.test_runtime_safety" name="test_production_never_unlocks[simulation]" time="0.001" /><testcase classname="tests.test_runtime_safety" name="test_production_never_unlocks[live]" time="0.001" /><testcase classname="tests.test_runtime_safety" name="test_unknown_environment_cannot_bypass_production[prod]" time="0.001" /><testcase classname="tests.test_runtime_safety" name="test_unknown_environment_cannot_bypass_production[Production]" time="0.001" /><testcase classname="tests.test_runtime_safety" name="test_unknown_environment_cannot_bypass_production[staging]" time="0.001" /><testcase classname="tests.test_runtime_safety" name="test_unknown_environment_cannot_bypass_production[preview]" time="0.001" /><testcase classname="tests.test_runtime_safety" name="test_unknown_environment_cannot_bypass_production[]" time="0.001" /><testcase classname="tests.test_runtime_safety" name="test_unknown_environment_cannot_bypass_production[test ]" time="0.001" /><testcase classname="tests.test_runtime_safety" name="test_unknown_environment_cannot_bypass_production[development\n]" time="0.001" /><testcase classname="tests.test_runtime_safety" name="test_nonproduction_requires_exact_explicit_simulation[blocked-test]" time="0.001" /><testcase classname="tests.test_runtime_safety" name="test_nonproduction_requires_exact_explicit_simulation[blocked-development]" time="0.001" /><testcase classname="tests.test_runtime_safety" name="test_nonproduction_requires_exact_explicit_simulation[live-test]" time="0.001" /><testcase classname="tests.test_runtime_safety" name="test_nonproduction_requires_exact_explicit_simulation[live-development]" time="0.001" /><testcase classname="tests.test_runtime_safety" name="test_nonproduction_requires_exact_explicit_simulation[-test]" time="0.001" /><testcase classname="tests.test_runtime_safety" name="test_nonproduction_requires_exact_explicit_simulation[-development]" time="0.001" /><testcase classname="tests.test_runtime_safety" name="test_nonproduction_requires_exact_explicit_simulation[simulated-test]" time="0.001" /><testcase classname="tests.test_runtime_safety" name="test_nonproduction_requires_exact_explicit_simulation[simulated-development]" time="0.001" /><testcase classname="tests.test_runtime_safety" name="test_explicit_simulation_is_allowed[test]" time="0.001" /><testcase classname="tests.test_runtime_safety" name="test_explicit_simulation_is_allowed[development]" time="0.001" /><testcase classname="tests.test_runtime_safety" name="test_no_configured_stub_or_provider_fallback[avatar_engine-heygen]" time="0.001" /><testcase classname="tests.test_runtime_safety" name="test_no_configured_stub_or_provider_fallback[assembly_engine-shotstack]" time="0.001" /><testcase classname="tests.test_runtime_safety" name="test_no_configured_stub_or_provider_fallback[broll_engine-pexels]" time="0.001" /><testcase classname="tests.test_runtime_safety" name="test_no_configured_stub_or_provider_fallback[storage_backend-r2]" time="0.001" /><testcase classname="tests.test_runtime_safety" name="test_no_configured_stub_or_provider_fallback[ai_api_key-synthetic-not-a-key]" time="0.001" /><testcase classname="tests.test_runtime_safety" name="test_no_configured_stub_or_provider_fallback[heygen_api_key-synthetic-not-a-key]" time="0.001" /><testcase classname="tests.test_runtime_safety" name="test_no_configured_stub_or_provider_fallback[pexels_api_key-synthetic-not-a-key]" time="0.001" /><testcase classname="tests.test_runtime_safety" name="test_no_configured_stub_or_provider_fallback[higgsfield_api_key-synthetic-not-a-key]" time="0.001" /><testcase classname="tests.test_runtime_safety" name="test_no_configured_stub_or_provider_fallback[shotstack_api_key-synthetic-not-a-key]" time="0.001" /><testcase classname="tests.test_runtime_safety" name="test_no_configured_stub_or_provider_fallback[s3_access_key_id-synthetic-not-a-key]" time="0.001" /><testcase classname="tests.test_runtime_safety" name="test_no_configured_stub_or_provider_fallback[s3_secret_access_key-synthetic-not-a-key]" time="0.001" /><testcase classname="tests.test_runtime_safety" name="test_no_configured_stub_or_provider_fallback[google_client_id-synthetic-id]" time="0.001" /><testcase classname="tests.test_runtime_safety" name="test_no_configured_stub_or_provider_fallback[google_client_secret-synthetic-not-a-key]" time="0.001" /><testcase classname="tests.test_runtime_safety" name="test_no_configured_stub_or_provider_fallback[youtube_refresh_token-synthetic-not-a-key]" time="0.002" /><testcase classname="tests.test_runtime_safety" name="test_no_configured_stub_or_provider_fallback[youtube_channel_id-synthetic-id]" time="0.001" /><testcase classname="tests.test_runtime_safety" name="test_import_refuses_before_database_routes_or_scheduler[production-simulation-LEGACY_PRODUCTION_DISABLED]" time="0.303" /><testcase classname="tests.test_runtime_safety" name="test_import_refuses_before_database_routes_or_scheduler[production-blocked-LEGACY_PRODUCTION_DISABLED]" time="0.303" /><testcase classname="tests.test_runtime_safety" name="test_import_refuses_before_database_routes_or_scheduler[prod-simulation-UNSUPPORTED_ENVIRONMENT]" time="0.296" /><testcase classname="tests.test_runtime_safety" name="test_import_refuses_before_database_routes_or_scheduler[test-blocked-SIMULATION_OPT_IN_REQUIRED]" time="0.305" /><testcase classname="tests.test_runtime_safety" name="test_import_refuses_before_database_routes_or_scheduler[development-blocked-SIMULATION_OPT_IN_REQUIRED]" time="0.301" /><testcase classname="tests.test_runtime_safety" name="test_startup_simulation_has_labels_and_no_scheduler[test]" time="0.742" /><testcase classname="tests.test_runtime_safety" name="test_startup_simulation_has_labels_and_no_scheduler[development]" time="0.840" /><testcase classname="tests.test_runtime_safety" name="test_lifespan_rechecks_before_create_all" time="0.741" /><testcase classname="tests.test_runtime_safety" name="test_requests_without_lifespan_cannot_bypass_guard[production]" time="0.720" /><testcase classname="tests.test_runtime_safety" name="test_requests_without_lifespan_cannot_bypass_guard[staging]" time="0.736" /><testcase classname="tests.test_runtime_safety" name="test_tick_disabled_for_two_workspaces_with_no_global_advancement[test]" time="0.832" /><testcase classname="tests.test_runtime_safety" name="test_tick_disabled_for_two_workspaces_with_no_global_advancement[development]" time="0.842" /><testcase classname="tests.test_runtime_safety" name="test_zero_workspace_budget_does_not_fall_back_to_25" time="0.594" /><testcase classname="tests.test_runtime_safety" name="test_zero_default_api_blocks_fixture_usage_and_rolls_back" time="0.857" /><testcase classname="tests.test_runtime_safety" name="test_fixture_ledger_is_explicitly_simulation_not_real_spend" time="0.937" /><testcase classname="tests.test_runtime_safety" name="test_invalid_usage_cannot_bypass_cap[-1]" time="0.604" /><testcase classname="tests.test_runtime_safety" name="test_invalid_usage_cannot_bypass_cap[float('nan')]" time="0.585" /><testcase classname="tests.test_runtime_safety" name="test_invalid_usage_cannot_bypass_cap[float('inf')]" time="0.576" /><testcase classname="tests.test_runtime_safety" name="test_real_provider_cannot_settle_in_legacy_ledger" time="0.563" /><testcase classname="tests.test_runtime_safety" name="test_dotenv_and_inherited_provider_database_are_not_loaded" time="0.685" /></testsuite></testsuites>