<?xml version="1.0" encoding="utf-8"?><testsuites name="pytest tests"><testsuite name="pytest" errors="0" failures="0" skipped="0" tests="22" time="10.220" timestamp="2026-09-14T05:51:29.279166+00:00" hostname="fa1e3583-c73"><testcase classname="backend.tests_content_core.test_boundaries" name="test_csrf_incomplete_upload_and_conflicting_idempotency" time="0.865" /><testcase classname="backend.tests_content_core.test_boundaries" name="test_revoked_editor_job_is_blocked_before_processing" time="0.372" /><testcase classname="backend.tests_content_core.test_boundaries" name="test_zero_storage_quota_and_cross_brand_reference_denied" time="0.418" /><testcase classname="backend.tests_content_core.test_boundaries" name="test_symlink_hardlink_fifo_and_world_readable_storage_refused" time="0.265" /><testcase classname="backend.tests_content_core.test_boundaries" name="test_cancel_reclaims_quota_and_keeps_unrelated_upload" time="0.304" /><testcase classname="backend.tests_content_core.test_boundaries" name="test_workflow_ui_does_not_interpret_source_html" time="0.396" /><testcase classname="backend.tests_content_core.test_boundaries" name="test_full_head_rerun_and_unsafe_runtime_grant_are_audited" time="0.403" /><testcase classname="backend.tests_content_core.test_boundaries" name="test_ui_rejects_backslash_return_path" time="0.256" /><testcase classname="backend.tests_content_core.test_boundaries" name="test_oversized_document_rejected_before_reserving_storage" time="0.402" /><testcase classname="backend.tests_content_core.test_boundaries" name="test_worker_login_cannot_have_schema_create" time="0.245" /><testcase classname="backend.tests_content_core.test_ui" name="test_browser_signin_upload_worker_and_source_preview" time="1.699" /><testcase classname="backend.tests_content_core.test_workflow" name="test_login_upload_worker_preview_and_immutable_revision" time="0.444" /><testcase classname="backend.tests_content_core.test_workflow" name="test_resume_and_replay_do_not_duplicate" time="0.923" /><testcase classname="backend.tests_content_core.test_workflow" name="test_bad_or_unscannable_content_never_becomes_ready[hash]" time="0.306" /><testcase classname="backend.tests_content_core.test_workflow" name="test_bad_or_unscannable_content_never_becomes_ready[binary]" time="0.307" /><testcase classname="backend.tests_content_core.test_workflow" name="test_bad_or_unscannable_content_never_becomes_ready[missing_scanner]" time="0.292" /><testcase classname="backend.tests_content_core.test_workflow" name="test_bad_or_unscannable_content_never_becomes_ready[pdf]" time="0.349" /><testcase classname="backend.tests_content_core.test_workflow" name="test_cross_tenant_and_viewer_cannot_mutate" time="0.449" /><testcase classname="backend.tests_content_core.test_workflow" name="test_cancel_fences_worker_and_purges_only_own_file" time="0.332" /><testcase classname="backend.tests_content_core.test_workflow" name="test_expired_worker_reclaim_has_new_fence" time="0.309" /><testcase classname="backend.tests_content_core.test_workflow" name="test_immutable_version_and_missing_subtype_rejected" time="0.330" /><testcase classname="backend.tests_content_core.test_workflow" name="test_content_privilege_audit_denies_public_grant" time="0.236" /></testsuite></testsuites>