<?xml version="1.0" encoding="utf-8"?><testsuites name="pytest tests"><testsuite name="pytest" errors="0" failures="0" skipped="0" tests="71" time="16.256" timestamp="2026-09-14T05:46:38.899172+00:00" hostname="fa1e3583-c73"><testcase classname="backend.tests_identity.test_combined_boundary" name="test_foundation_accounting_still_works_after_identity_upgrade" time="0.529" /><testcase classname="backend.tests_identity.test_combined_boundary" name="test_oidc_exchange_has_a_total_wall_clock_deadline" time="0.114" /><testcase classname="backend.tests_identity.test_combined_boundary" name="test_session_cannot_reference_another_users_identity" time="0.259" /><testcase classname="backend.tests_identity.test_identity" name="test_signed_fake_oidc_real_session_no_tokens_stored" time="0.207" /><testcase classname="backend.tests_identity.test_identity" name="test_real_asgi_workspaces_brands_and_role_denials" time="0.432" /><testcase classname="backend.tests_identity.test_identity" name="test_onboarding_requires_explicit_authorization_never_email_owner" time="0.227" /><testcase classname="backend.tests_identity.test_identity" name="test_schema_audit_and_migration_preservation" time="0.030" /><testcase classname="backend.tests_identity.test_identity" name="test_production_always_refuses" time="0.108" /><testcase classname="backend.tests_identity.test_identity" name="test_openapi_is_generated_runtime_subset" time="0.213" /><testcase classname="backend.tests_identity.test_mutations" name="test_brand_ifmatch_and_idempotency_persisted_once" time="0.443" /><testcase classname="backend.tests_identity.test_mutations" name="test_cursor_pagination_scoped_signed_and_limit" time="0.298" /><testcase classname="backend.tests_identity.test_mutations" name="test_admin_explicit_brand_grants_and_combined_roles" time="0.408" /><testcase classname="backend.tests_identity.test_mutations" name="test_invitation_intended_verified_identity_expiry_and_singleuse" time="0.270" /><testcase classname="backend.tests_identity.test_mutations" name="test_invitation_revoke_authority_and_cross_tenant_brand_rollback" time="0.362" /><testcase classname="backend.tests_identity.test_mutations" name="test_expired_and_wrong_subject_onboarding_cannot_create_workspace" time="0.336" /><testcase classname="backend.tests_identity.test_recovery_review" name="test_nonfinite_and_invalid_lifetimes_cannot_create_session[override0]" time="0.256" /><testcase classname="backend.tests_identity.test_recovery_review" name="test_nonfinite_and_invalid_lifetimes_cannot_create_session[override1]" time="0.188" /><testcase classname="backend.tests_identity.test_recovery_review" name="test_nonfinite_and_invalid_lifetimes_cannot_create_session[override2]" time="0.156" /><testcase classname="backend.tests_identity.test_recovery_review" name="test_nonfinite_and_invalid_lifetimes_cannot_create_session[override3]" time="0.158" /><testcase classname="backend.tests_identity.test_recovery_review" name="test_nonfinite_and_invalid_lifetimes_cannot_create_session[override4]" time="0.165" /><testcase classname="backend.tests_identity.test_recovery_review" name="test_exact_host_is_checked_even_on_anonymous_endpoints[attacker.invalid]" time="0.109" /><testcase classname="backend.tests_identity.test_recovery_review" name="test_exact_host_is_checked_even_on_anonymous_endpoints[app.fixture.invalid:444]" time="0.171" /><testcase classname="backend.tests_identity.test_recovery_review" name="test_invitation_listing_exposes_revision_for_safe_revoke" time="0.343" /><testcase classname="backend.tests_identity.test_recovery_review" name="test_database_io_does_not_run_on_the_asgi_event_loop" time="0.233" /><testcase classname="backend.tests_identity.test_recovery_review" name="test_concurrent_session_mutations_do_not_deadlock" time="0.295" /><testcase classname="backend.tests_identity.test_recovery_review" name="test_head_rerun_audits_identity_role_drift" time="0.183" /><testcase classname="backend.tests_identity.test_recovery_review" name="test_identity_revision_preserves_prior_history_and_audits" time="0.142" /><testcase classname="backend.tests_identity.test_recovery_review" name="test_null_sql_page_limit_is_rejected" time="0.187" /><testcase classname="backend.tests_identity.test_recovery_review" name="test_token_response_is_bounded_before_authlib_parsing" time="0.118" /><testcase classname="backend.tests_identity.test_recovery_review" name="test_compressed_token_response_is_refused" time="0.097" /><testcase classname="backend.tests_identity.test_security" name="test_signed_id_token_claim_failures_never_create_session[override0]" time="0.206" /><testcase classname="backend.tests_identity.test_security" name="test_signed_id_token_claim_failures_never_create_session[override1]" time="0.311" /><testcase classname="backend.tests_identity.test_security" name="test_signed_id_token_claim_failures_never_create_session[override2]" time="0.282" /><testcase classname="backend.tests_identity.test_security" name="test_signed_id_token_claim_failures_never_create_session[override3]" time="0.214" /><testcase classname="backend.tests_identity.test_security" name="test_signed_id_token_claim_failures_never_create_session[override4]" time="0.149" /><testcase classname="backend.tests_identity.test_security" name="test_signed_id_token_claim_failures_never_create_session[override5]" time="0.182" /><testcase classname="backend.tests_identity.test_security" name="test_signed_id_token_claim_failures_never_create_session[override6]" time="0.181" /><testcase classname="backend.tests_identity.test_security" name="test_signed_id_token_claim_failures_never_create_session[override7]" time="0.178" /><testcase classname="backend.tests_identity.test_security" name="test_signed_id_token_claim_failures_never_create_session[override8]" time="0.349" /><testcase classname="backend.tests_identity.test_security" name="test_signed_id_token_claim_failures_never_create_session[override9]" time="0.215" /><testcase classname="backend.tests_identity.test_security" name="test_signed_id_token_claim_failures_never_create_session[override10]" time="0.180" /><testcase classname="backend.tests_identity.test_security" name="test_signed_id_token_claim_failures_never_create_session[override11]" time="0.151" /><testcase classname="backend.tests_identity.test_security" name="test_jwks_algorithm_and_key_selection_defenses[bad_signature]" time="0.210" /><testcase classname="backend.tests_identity.test_security" name="test_jwks_algorithm_and_key_selection_defenses[unknown_kid]" time="0.226" /><testcase classname="backend.tests_identity.test_security" name="test_jwks_algorithm_and_key_selection_defenses[duplicate_kid]" time="0.197" /><testcase classname="backend.tests_identity.test_security" name="test_jwks_algorithm_and_key_selection_defenses[jku]" time="0.381" /><testcase classname="backend.tests_identity.test_security" name="test_jwks_algorithm_and_key_selection_defenses[x5u]" time="0.140" /><testcase classname="backend.tests_identity.test_security" name="test_jwks_algorithm_and_key_selection_defenses[embedded_jwk]" time="0.192" /><testcase classname="backend.tests_identity.test_security" name="test_jwks_algorithm_and_key_selection_defenses[hmac]" time="0.163" /><testcase classname="backend.tests_identity.test_security" name="test_jwks_algorithm_and_key_selection_defenses[none]" time="0.160" /><testcase classname="backend.tests_identity.test_security" name="test_jwks_algorithm_and_key_selection_defenses[weak_rsa]" time="0.200" /><testcase classname="backend.tests_identity.test_security" name="test_state_browser_binding_singleuse_and_login_rate_limit" time="0.421" /><testcase classname="backend.tests_identity.test_security" name="test_expired_login_transaction_rejected_before_network" time="0.261" /><testcase classname="backend.tests_identity.test_security" name="test_no_email_identity_linking_same_subject_reuses_identity" time="0.259" /><testcase classname="backend.tests_identity.test_security" name="test_cookie_samesite_is_not_csrf[no_csrf]" time="0.264" /><testcase classname="backend.tests_identity.test_security" name="test_cookie_samesite_is_not_csrf[bad_csrf]" time="0.258" /><testcase classname="backend.tests_identity.test_security" name="test_cookie_samesite_is_not_csrf[no_origin]" time="0.248" /><testcase classname="backend.tests_identity.test_security" name="test_cookie_samesite_is_not_csrf[foreign_origin]" time="0.191" /><testcase classname="backend.tests_identity.test_security" name="test_cookie_samesite_is_not_csrf[null_origin]" time="0.517" /><testcase classname="backend.tests_identity.test_security" name="test_logout_session_expiry_and_pooled_actor_reset" time="0.289" /><testcase classname="backend.tests_identity.test_security" name="test_unsupported_transaction_snapshot_rejected[REPEATABLE READ]" time="0.236" /><testcase classname="backend.tests_identity.test_security" name="test_unsupported_transaction_snapshot_rejected[SERIALIZABLE]" time="0.289" /><testcase classname="backend.tests_identity.test_security" name="test_no_direct_sensitive_dml_or_cross_role_impersonation" time="0.281" /><testcase classname="backend.tests_identity.test_security" name="test_session_revoke_race_serializes_and_next_request_denied" time="0.395" /><testcase classname="backend.tests_identity.test_security" name="test_committed_grant_revocation_wins_over_old_snapshot" time="0.512" /><testcase classname="backend.tests_identity.test_security" name="test_privilege_audit_rejects_drift[public_function]" time="0.016" /><testcase classname="backend.tests_identity.test_security" name="test_privilege_audit_rejects_drift[runtime_function]" time="0.013" /><testcase classname="backend.tests_identity.test_security" name="test_privilege_audit_rejects_drift[auth_dml]" time="0.013" /><testcase classname="backend.tests_identity.test_security" name="test_privilege_audit_rejects_drift[runtime_column]" time="0.013" /><testcase classname="backend.tests_identity.test_security" name="test_privilege_audit_rejects_drift[rls_disabled]" time="0.013" /><testcase classname="backend.tests_identity.test_security" name="test_privilege_audit_rejects_drift[role_super]" time="0.022" /></testsuite></testsuites>