<?xml version="1.0" encoding="utf-8"?><testsuites name="pytest tests"><testsuite name="pytest" errors="0" failures="0" skipped="0" tests="44" time="5.539" timestamp="2026-09-14T05:46:56.949774+00:00" hostname="fa1e3583-c73"><testcase classname="backend.tests_foundation.test_postgres" name="test_additive_upgrade_twice_and_retention_safe_downgrade" time="0.146" /><testcase classname="backend.tests_foundation.test_postgres" name="test_runtime_is_nonowner_nonbypass_and_no_direct_sensitive_dml" time="0.035" /><testcase classname="backend.tests_foundation.test_postgres" name="test_rls_missing_context_cross_tenant_and_guc_spoof" time="0.048" /><testcase classname="backend.tests_foundation.test_postgres" name="test_pending_unclaimed_never_implicitly_active" time="0.023" /><testcase classname="backend.tests_foundation.test_postgres" name="test_identity_uniqueness_and_active_owner_proof" time="0.021" /><testcase classname="backend.tests_foundation.test_postgres" name="test_roles_and_owner_authority_are_not_grantable" time="0.056" /><testcase classname="backend.tests_foundation.test_postgres" name="test_cross_workspace_brand_and_step_references_rejected" time="0.029" /><testcase classname="backend.tests_foundation.test_postgres" name="test_worker_cannot_use_another_originating_actor" time="0.042" /><testcase classname="backend.tests_foundation.test_postgres" name="test_zero_cap_missing_cap_and_integer_only" time="0.035" /><testcase classname="backend.tests_foundation.test_postgres" name="test_two_connections_contend_for_remaining_cap" time="0.052" /><testcase classname="backend.tests_foundation.test_postgres" name="test_reserve_replay_release_exactly_once" time="0.046" /><testcase classname="backend.tests_foundation.test_postgres" name="test_settle_and_duplicate_inbox_exactly_once" time="0.045" /><testcase classname="backend.tests_foundation.test_postgres" name="test_truthful_simulated_overrun_blocks_new_reservations" time="0.044" /><testcase classname="backend.tests_foundation.test_postgres" name="test_skip_locked_claim_skips_locked_step" time="0.039" /><testcase classname="backend.tests_foundation.test_postgres" name="test_expired_fence_cannot_write_outcome_ledger_or_outbox" time="1.152" /><testcase classname="backend.tests_foundation.test_postgres" name="test_process_death_after_committed_intent_recovers_no_blind_retry" time="1.418" /><testcase classname="backend.tests_foundation.test_postgres" name="test_intent_cannot_release_or_resubmit" time="0.044" /><testcase classname="backend.tests_foundation.test_postgres" name="test_outbox_lease_expiry_fences_ack_and_reclaims" time="1.159" /><testcase classname="backend.tests_foundation.test_postgres" name="test_mode_cannot_be_live_and_publication_unimplemented" time="0.029" /><testcase classname="backend.tests_foundation.test_postgres" name="test_idempotency_replay_and_different_hash_conflict" time="0.026" /><testcase classname="backend.tests_foundation.test_postgres" name="test_null_fence_is_not_a_bypass" time="0.032" /><testcase classname="backend.tests_foundation.test_postgres" name="test_inbox_failure_rolls_back_business_ledger_and_outbox" time="0.038" /><testcase classname="backend.tests_foundation.test_postgres" name="test_concurrent_duplicate_inbox_has_one_effect" time="0.052" /><testcase classname="backend.tests_foundation.test_postgres" name="test_settle_release_race_is_one_terminal_outcome" time="0.046" /><testcase classname="backend.tests_foundation.test_postgres" name="test_immutable_history_and_counter_rebuild" time="0.043" /><testcase classname="backend.tests_foundation.test_postgres" name="test_downgrade_preserves_new_ledger_history" time="0.041" /><testcase classname="backend.tests_foundation.test_postgres" name="test_bigint_cap_comparison_does_not_overflow" time="0.043" /><testcase classname="backend.tests_foundation.test_regressions" name="test_snapshot_before_committed_revoke_cannot_reserve[READ COMMITTED]" time="0.045" /><testcase classname="backend.tests_foundation.test_regressions" name="test_snapshot_before_committed_revoke_cannot_reserve[REPEATABLE READ]" time="0.043" /><testcase classname="backend.tests_foundation.test_regressions" name="test_snapshot_before_committed_revoke_cannot_reserve[SERIALIZABLE]" time="0.050" /><testcase classname="backend.tests_foundation.test_regressions" name="test_actor_and_rls_reject_unsupported_isolation[REPEATABLE READ]" time="0.028" /><testcase classname="backend.tests_foundation.test_regressions" name="test_actor_and_rls_reject_unsupported_isolation[SERIALIZABLE]" time="0.029" /><testcase classname="backend.tests_foundation.test_regressions" name="test_null_claim_rejected_without_mutation[worker]" time="0.073" /><testcase classname="backend.tests_foundation.test_regressions" name="test_null_claim_rejected_without_mutation[seconds]" time="0.034" /><testcase classname="backend.tests_foundation.test_regressions" name="test_null_heartbeat_rejected_without_mutation[worker]" time="0.035" /><testcase classname="backend.tests_foundation.test_regressions" name="test_null_heartbeat_rejected_without_mutation[seconds]" time="0.035" /><testcase classname="backend.tests_foundation.test_regressions" name="test_null_heartbeat_rejected_without_mutation[token]" time="0.034" /><testcase classname="backend.tests_foundation.test_regressions" name="test_null_outbox_claim_rejected_without_mutation[worker]" time="0.051" /><testcase classname="backend.tests_foundation.test_regressions" name="test_null_outbox_claim_rejected_without_mutation[seconds]" time="0.053" /><testcase classname="backend.tests_foundation.test_regressions" name="test_lease_owner_expiry_state_constraints[job_steps-status-RUNNING-QUEUED]" time="0.041" /><testcase classname="backend.tests_foundation.test_regressions" name="test_lease_owner_expiry_state_constraints[event_outbox-state-DELIVERING-PENDING]" time="0.051" /><testcase classname="backend.tests_foundation.test_regressions" name="test_current_routines_have_exact_runtime_allowlist_and_no_public_execute" time="0.014" /><testcase classname="backend.tests_foundation.test_regressions" name="test_head_audit_detects_new_default_public_definer_and_runtime_grant" time="0.016" /><testcase classname="backend.tests_foundation.test_regressions" name="test_future_revision_unsafe_definer_fails_before_migration_commit" time="0.013" /></testsuite></testsuites>